\BOOKMARK [2][-]{Doc-Start}{Aim and background}{}% 1
\BOOKMARK [3][-]{section*.1}{Aim of the project}{Doc-Start}% 2
\BOOKMARK [3][-]{section*.1}{Multidisciplinary context}{Doc-Start}% 3
\BOOKMARK [3][-]{section*.1}{Target Audience}{Doc-Start}% 4
\BOOKMARK [2][-]{section*.1}{Methods}{}% 5
\BOOKMARK [3][-]{section*.2}{Data collection and developed models}{section*.1}% 6
\BOOKMARK [3][-]{section*.2}{Evaluation Strategies}{section*.1}% 7
\BOOKMARK [2][-]{section*.2}{Results}{}% 8
\BOOKMARK [3][-]{section*.3}{Final Model}{section*.2}% 9
\BOOKMARK [3][-]{section*.3}{Deployment Process}{section*.2}% 10
\BOOKMARK [2][-]{section*.3}{Discussion and Conclusion}{}% 11
\BOOKMARK [3][-]{section*.4}{Potential shortcomings}{section*.3}% 12
\BOOKMARK [3][-]{section*.4}{Future work and improvements}{section*.3}% 13
\BOOKMARK [3][-]{section*.4}{Conclusion}{section*.3}% 14
\BOOKMARK [2][-]{section*.4}{Reference List}{}% 15
\BOOKMARK [3][-]{section*.5}{1.}{section*.4}% 16
\BOOKMARK [3][-]{section*.5}{2.}{section*.4}% 17
\BOOKMARK [3][-]{section*.5}{3.}{section*.4}% 18
\BOOKMARK [3][-]{section*.5}{4.}{section*.4}% 19
\BOOKMARK [3][-]{section*.5}{5.}{section*.4}% 20
\BOOKMARK [3][-]{section*.5}{6.}{section*.4}% 21
\BOOKMARK [3][-]{section*.5}{7.}{section*.4}% 22
\BOOKMARK [2][-]{section*.5}{Appendixes}{}% 23
\BOOKMARK [3][-]{section*.6}{Appendix A}{section*.5}% 24
\BOOKMARK [3][-]{section*.6}{Appendix B}{section*.5}% 25
\BOOKMARK [3][-]{section*.6}{Appendix C}{section*.5}% 26
\BOOKMARK [2][-]{section*.6}{Contribution Statement}{}% 27
\BOOKMARK [3][-]{section*.7}{Johanna Jones}{section*.6}% 28
\BOOKMARK [3][-]{section*.7}{Andrew Auwyang}{section*.6}% 29
\BOOKMARK [3][-]{section*.7}{Eva Pu}{section*.6}% 30
\BOOKMARK [3][-]{section*.7}{Niruth Bogahawatta}{section*.6}% 31
\BOOKMARK [3][-]{section*.7}{Alex Wong}{section*.6}% 32
